2011-03-05 14:20:57 Warning: Warning (512): Cache not configured properly. Please check Cache::config(); in APP/config/core.php in [C:\VertrigoServ\www\cake\cake\libs\configure.php, line 385]
2011-03-05 14:55:16 Warning: Warning (512): Method FormHelper::nput does not exist in [C:\VertrigoServ\www\cake\cake\libs\view\helper.php, line 161]
2011-03-06 20:43:48 Warning: Warning (2): Cannot modify header information - headers already sent by (output started at C:\VertrigoServ\www\cake\app\controllers\posts_controller.php:31) in [C:\VertrigoServ\www\cake\cake\libs\controller\controller.php, line 691]
2011-03-06 20:45:28 Warning: Warning (2): Cannot modify header information - headers already sent by (output started at C:\VertrigoServ\www\cake\app\controllers\posts_controller.php:31) in [C:\VertrigoServ\www\cake\cake\libs\controller\controller.php, line 691]
2011-03-06 20:50:10 Warning: Warning (2): Cannot modify header information - headers already sent by (output started at C:\VertrigoServ\www\cake\app\controllers\posts_controller.php:31) in [C:\VertrigoServ\www\cake\cake\libs\controller\controller.php, line 691]
2011-03-06 21:59:40 Warning: Warning (2): Invalid argument supplied for foreach() in [C:\VertrigoServ\www\cake\app\views\posts\index.ctp, line 18]
2011-03-06 22:00:07 Warning: Warning (2): Invalid argument supplied for foreach() in [C:\VertrigoServ\www\cake\app\views\posts\index.ctp, line 18]
2011-03-06 22:00:11 Warning: Warning (2): Invalid argument supplied for foreach() in [C:\VertrigoServ\www\cake\app\views\posts\index.ctp, line 18]
2011-03-06 22:00:14 Warning: Warning (2): Invalid argument supplied for foreach() in [C:\VertrigoServ\www\cake\app\views\posts\index.ctp, line 18]
2011-03-06 22:02:16 Warning: Warning (2): Invalid argument supplied for foreach() in [C:\VertrigoServ\www\cake\app\views\posts\index.ctp, line 18]
2011-03-06 22:04:40 Warning: Warning (2): Invalid argument supplied for foreach() in [C:\VertrigoServ\www\cake\app\views\posts\index.ctp, line 18]
2011-03-06 22:04:42 Warning: Warning (2): Invalid argument supplied for foreach() in [C:\VertrigoServ\www\cake\app\views\posts\index.ctp, line 18]
2011-03-06 22:09:56 Warning: Warning (2): Invalid argument supplied for foreach() in [C:\VertrigoServ\www\cake\app\views\posts\index.ctp, line 18]
2011-03-06 22:09:58 Warning: Warning (2): Invalid argument supplied for foreach() in [C:\VertrigoServ\www\cake\app\views\posts\index.ctp, line 18]
2011-03-06 22:27:48 Warning: Warning (2): Invalid argument supplied for foreach() in [C:\VertrigoServ\www\cake\app\views\posts\index.ctp, line 18]
2011-03-06 22:35:30 Warning: Warning (2): Invalid argument supplied for foreach() in [C:\VertrigoServ\www\cake\app\views\posts\index.ctp, line 18]
2011-03-06 22:35:32 Warning: Warning (2): Invalid argument supplied for foreach() in [C:\VertrigoServ\www\cake\app\views\posts\index.ctp, line 18]
2011-03-06 22:36:36 Warning: Warning (2): Invalid argument supplied for foreach() in [C:\VertrigoServ\www\cake\app\views\posts\index.ctp, line 18]
2011-03-07 22:23:29 Warning: Warning (2): Cannot modify header information - headers already sent by (output started at C:\VertrigoServ\www\cake\app\controllers\posts_controller.php:34) in [C:\VertrigoServ\www\cake\cake\libs\controller\controller.php, line 691]
2011-03-08 22:38:22 Warning: Warning (2): array_map() [<a href='http://php.net/function.array-map'>function.array-map</a>]: The first argument, 'Array', should be either NULL or a valid callback in [C:\VertrigoServ\www\cake\cake\libs\view\helpers\rss.php, line 184]
2011-03-08 22:38:23 Warning: Warning (2): array_map() [<a href='http://php.net/function.array-map'>function.array-map</a>]: The first argument, 'Array', should be either NULL or a valid callback in [C:\VertrigoServ\www\cake\cake\libs\view\helpers\rss.php, line 184]
2011-03-08 22:42:01 Warning: Warning (2): array_map() [<a href='http://php.net/function.array-map'>function.array-map</a>]: The first argument, 'Array', should be either NULL or a valid callback in [C:\VertrigoServ\www\cake\cake\libs\view\helpers\rss.php, line 184]
2011-03-08 22:42:01 Warning: Warning (2): array_map() [<a href='http://php.net/function.array-map'>function.array-map</a>]: The first argument, 'Array', should be either NULL or a valid callback in [C:\VertrigoServ\www\cake\cake\libs\view\helpers\rss.php, line 184]
2011-03-09 00:55:31 Warning: Warning (2): Invalid argument supplied for foreach() in [C:\VertrigoServ\www\cake\app\views\posts\index.ctp, line 24]
2011-03-09 00:55:52 Warning: Warning (2): Invalid argument supplied for foreach() in [C:\VertrigoServ\www\cake\app\views\posts\index.ctp, line 24]
2011-03-09 00:55:57 Warning: Warning (2): Invalid argument supplied for foreach() in [C:\VertrigoServ\www\cake\app\views\posts\index.ctp, line 24]
2011-03-09 00:55:58 Warning: Warning (2): Invalid argument supplied for foreach() in [C:\VertrigoServ\www\cake\app\views\posts\index.ctp, line 24]
2011-03-09 00:55:59 Warning: Warning (2): Invalid argument supplied for foreach() in [C:\VertrigoServ\www\cake\app\views\posts\index.ctp, line 24]
2011-03-09 11:00:29 Warning: Warning (2): Invalid argument supplied for foreach() in [C:\VertrigoServ\www\cake\app\views\posts\index.ctp, line 24]
2011-03-09 11:01:02 Warning: Warning (2): Invalid argument supplied for foreach() in [C:\VertrigoServ\www\cake\app\views\posts\index.ctp, line 24]
2011-03-10 21:19:02 Warning: Warning (2): Invalid argument supplied for foreach() in [C:\VertrigoServ\www\cake\app\views\posts\index.ctp, line 24]
2011-03-10 21:26:29 Warning: Warning (2): Invalid argument supplied for foreach() in [C:\VertrigoServ\www\cake\app\views\posts\index.ctp, line 24]
2011-03-10 21:26:38 Warning: Warning (2): Invalid argument supplied for foreach() in [C:\VertrigoServ\www\cake\app\views\posts\rss\index.ctp, line 11]
2011-03-10 21:26:38 Warning: Warning (2): fopen() expects at least 2 parameters, 0 given in [C:\VertrigoServ\www\cake\app\views\layouts\rss\default.ctp, line 4]
2011-03-10 21:26:45 Warning: Warning (2): Invalid argument supplied for foreach() in [C:\VertrigoServ\www\cake\app\views\posts\rss\index.ctp, line 11]
2011-03-10 21:26:45 Warning: Warning (2): fopen() expects at least 2 parameters, 0 given in [C:\VertrigoServ\www\cake\app\views\layouts\rss\default.ctp, line 4]
2011-03-10 21:41:07 Warning: Warning (2): Invalid argument supplied for foreach() in [C:\VertrigoServ\www\cake\app\views\posts\rss\index.ctp, line 11]
2011-03-10 21:41:07 Warning: Warning (2): fopen() expects at least 2 parameters, 0 given in [C:\VertrigoServ\www\cake\app\views\layouts\rss\default.ctp, line 4]
2011-03-10 21:41:24 Warning: Warning (2): Invalid argument supplied for foreach() in [C:\VertrigoServ\www\cake\app\views\posts\rss\index.ctp, line 11]
2011-03-10 21:41:24 Warning: Warning (2): fopen() expects at least 2 parameters, 0 given in [C:\VertrigoServ\www\cake\app\views\layouts\rss\default.ctp, line 4]
2011-03-10 21:42:36 Warning: Warning (2): Invalid argument supplied for foreach() in [C:\VertrigoServ\www\cake\app\views\posts\rss\index.ctp, line 11]
2011-03-10 21:42:36 Warning: Warning (2): Invalid argument supplied for foreach() in [C:\VertrigoServ\www\cake\app\views\posts\rss\index.ctp, line 11]
2011-03-10 21:44:20 Warning: Warning (2): Invalid argument supplied for foreach() in [C:\VertrigoServ\www\cake\app\views\posts\rss\index.ctp, line 11]
2011-03-10 21:44:20 Warning: Warning (2): Invalid argument supplied for foreach() in [C:\VertrigoServ\www\cake\app\views\posts\rss\index.ctp, line 11]
2011-03-10 21:44:26 Warning: Warning (2): Invalid argument supplied for foreach() in [C:\VertrigoServ\www\cake\app\views\posts\index.ctp, line 24]
2011-03-10 21:47:33 Warning: Warning (2): Invalid argument supplied for foreach() in [C:\VertrigoServ\www\cake\app\views\posts\index.ctp, line 24]
2011-03-10 21:58:45 Warning: Warning (2): Invalid argument supplied for foreach() in [C:\VertrigoServ\www\cake\app\views\posts\index.ctp, line 24]
2011-03-10 21:59:52 Warning: Warning (2): Invalid argument supplied for foreach() in [C:\VertrigoServ\www\cake\app\views\posts\index.ctp, line 24]
2011-03-10 21:59:54 Warning: Warning (2): Invalid argument supplied for foreach() in [C:\VertrigoServ\www\cake\app\views\posts\index.ctp, line 24]
2011-03-10 22:00:26 Warning: Warning (2): Invalid argument supplied for foreach() in [C:\VertrigoServ\www\cake\app\views\posts\rss\index.ctp, line 11]
2011-03-10 22:00:26 Warning: Warning (2): Invalid argument supplied for foreach() in [C:\VertrigoServ\www\cake\app\views\posts\rss\index.ctp, line 11]
2011-03-10 22:15:47 Warning: Warning (2): array_map() [<a href='http://php.net/function.array-map'>function.array-map</a>]: Argument #2 should be an array in [C:\VertrigoServ\www\cake\cake\libs\view\helpers\rss.php, line 184]
2011-03-10 22:15:47 Warning: Warning (2): array_map() [<a href='http://php.net/function.array-map'>function.array-map</a>]: Argument #2 should be an array in [C:\VertrigoServ\www\cake\cake\libs\view\helpers\rss.php, line 184]
2011-03-10 22:15:55 Warning: Warning (2): array_map() [<a href='http://php.net/function.array-map'>function.array-map</a>]: Argument #2 should be an array in [C:\VertrigoServ\www\cake\cake\libs\view\helpers\rss.php, line 184]
2011-03-10 22:15:56 Warning: Warning (2): array_map() [<a href='http://php.net/function.array-map'>function.array-map</a>]: Argument #2 should be an array in [C:\VertrigoServ\www\cake\cake\libs\view\helpers\rss.php, line 184]
2011-03-10 22:19:07 Warning: Warning (2): array_map() [<a href='http://php.net/function.array-map'>function.array-map</a>]: Argument #2 should be an array in [C:\VertrigoServ\www\cake\cake\libs\view\helpers\rss.php, line 184]
2011-03-10 22:19:07 Warning: Warning (2): array_map() [<a href='http://php.net/function.array-map'>function.array-map</a>]: Argument #2 should be an array in [C:\VertrigoServ\www\cake\cake\libs\view\helpers\rss.php, line 184]
2011-03-10 22:19:08 Warning: Warning (2): array_map() [<a href='http://php.net/function.array-map'>function.array-map</a>]: Argument #2 should be an array in [C:\VertrigoServ\www\cake\cake\libs\view\helpers\rss.php, line 184]
2011-03-10 22:19:08 Warning: Warning (2): array_map() [<a href='http://php.net/function.array-map'>function.array-map</a>]: Argument #2 should be an array in [C:\VertrigoServ\www\cake\cake\libs\view\helpers\rss.php, line 184]
2011-03-10 22:19:09 Warning: Warning (2): array_map() [<a href='http://php.net/function.array-map'>function.array-map</a>]: Argument #2 should be an array in [C:\VertrigoServ\www\cake\cake\libs\view\helpers\rss.php, line 184]
2011-03-10 22:19:09 Warning: Warning (2): array_map() [<a href='http://php.net/function.array-map'>function.array-map</a>]: Argument #2 should be an array in [C:\VertrigoServ\www\cake\cake\libs\view\helpers\rss.php, line 184]
2011-03-10 22:19:10 Warning: Warning (2): array_map() [<a href='http://php.net/function.array-map'>function.array-map</a>]: Argument #2 should be an array in [C:\VertrigoServ\www\cake\cake\libs\view\helpers\rss.php, line 184]
2011-03-10 22:19:10 Warning: Warning (2): array_map() [<a href='http://php.net/function.array-map'>function.array-map</a>]: Argument #2 should be an array in [C:\VertrigoServ\www\cake\cake\libs\view\helpers\rss.php, line 184]
2011-03-10 22:19:11 Warning: Warning (2): array_map() [<a href='http://php.net/function.array-map'>function.array-map</a>]: Argument #2 should be an array in [C:\VertrigoServ\www\cake\cake\libs\view\helpers\rss.php, line 184]
2011-03-10 22:19:11 Warning: Warning (2): array_map() [<a href='http://php.net/function.array-map'>function.array-map</a>]: Argument #2 should be an array in [C:\VertrigoServ\www\cake\cake\libs\view\helpers\rss.php, line 184]
2011-03-10 22:19:12 Warning: Warning (2): array_map() [<a href='http://php.net/function.array-map'>function.array-map</a>]: Argument #2 should be an array in [C:\VertrigoServ\www\cake\cake\libs\view\helpers\rss.php, line 184]
2011-03-10 22:19:13 Warning: Warning (2): array_map() [<a href='http://php.net/function.array-map'>function.array-map</a>]: Argument #2 should be an array in [C:\VertrigoServ\www\cake\cake\libs\view\helpers\rss.php, line 184]
2011-03-10 22:19:13 Warning: Warning (2): array_map() [<a href='http://php.net/function.array-map'>function.array-map</a>]: Argument #2 should be an array in [C:\VertrigoServ\www\cake\cake\libs\view\helpers\rss.php, line 184]
2011-03-10 22:19:14 Warning: Warning (2): array_map() [<a href='http://php.net/function.array-map'>function.array-map</a>]: Argument #2 should be an array in [C:\VertrigoServ\www\cake\cake\libs\view\helpers\rss.php, line 184]
2011-03-10 22:19:14 Warning: Warning (2): array_map() [<a href='http://php.net/function.array-map'>function.array-map</a>]: Argument #2 should be an array in [C:\VertrigoServ\www\cake\cake\libs\view\helpers\rss.php, line 184]
2011-03-10 22:19:14 Warning: Warning (2): array_map() [<a href='http://php.net/function.array-map'>function.array-map</a>]: Argument #2 should be an array in [C:\VertrigoServ\www\cake\cake\libs\view\helpers\rss.php, line 184]
2011-03-10 22:19:15 Warning: Warning (2): array_map() [<a href='http://php.net/function.array-map'>function.array-map</a>]: Argument #2 should be an array in [C:\VertrigoServ\www\cake\cake\libs\view\helpers\rss.php, line 184]
2011-03-10 22:19:15 Warning: Warning (2): array_map() [<a href='http://php.net/function.array-map'>function.array-map</a>]: Argument #2 should be an array in [C:\VertrigoServ\www\cake\cake\libs\view\helpers\rss.php, line 184]
2011-03-10 22:20:05 Warning: Warning (2): array_map() [<a href='http://php.net/function.array-map'>function.array-map</a>]: Argument #2 should be an array in [C:\VertrigoServ\www\cake\cake\libs\view\helpers\rss.php, line 184]
2011-03-10 22:20:05 Warning: Warning (2): array_map() [<a href='http://php.net/function.array-map'>function.array-map</a>]: Argument #2 should be an array in [C:\VertrigoServ\www\cake\cake\libs\view\helpers\rss.php, line 184]
2011-03-10 22:20:06 Warning: Warning (2): array_map() [<a href='http://php.net/function.array-map'>function.array-map</a>]: Argument #2 should be an array in [C:\VertrigoServ\www\cake\cake\libs\view\helpers\rss.php, line 184]
2011-03-10 22:20:07 Warning: Warning (2): array_map() [<a href='http://php.net/function.array-map'>function.array-map</a>]: Argument #2 should be an array in [C:\VertrigoServ\www\cake\cake\libs\view\helpers\rss.php, line 184]
2011-03-10 22:20:08 Warning: Warning (2): array_map() [<a href='http://php.net/function.array-map'>function.array-map</a>]: Argument #2 should be an array in [C:\VertrigoServ\www\cake\cake\libs\view\helpers\rss.php, line 184]
2011-03-10 22:20:08 Warning: Warning (2): array_map() [<a href='http://php.net/function.array-map'>function.array-map</a>]: Argument #2 should be an array in [C:\VertrigoServ\www\cake\cake\libs\view\helpers\rss.php, line 184]
2011-03-10 22:26:52 Warning: Warning (2): array_map() [<a href='http://php.net/function.array-map'>function.array-map</a>]: Argument #2 should be an array in [C:\VertrigoServ\www\cake\cake\libs\view\helpers\rss.php, line 184]
2011-03-10 22:26:52 Warning: Warning (2): array_map() [<a href='http://php.net/function.array-map'>function.array-map</a>]: Argument #2 should be an array in [C:\VertrigoServ\www\cake\cake\libs\view\helpers\rss.php, line 184]
2011-03-10 23:48:13 Warning: Warning (2): Cannot modify header information - headers already sent by (output started at C:\VertrigoServ\www\cake\app\controllers\posts_controller.php:38) in [C:\VertrigoServ\www\cake\cake\libs\controller\controller.php, line 691]
2011-03-10 23:49:14 Warning: Warning (2): Cannot modify header information - headers already sent by (output started at C:\VertrigoServ\www\cake\app\controllers\posts_controller.php:38) in [C:\VertrigoServ\www\cake\cake\libs\controller\controller.php, line 691]
2011-03-10 23:50:58 Warning: Warning (2): Cannot modify header information - headers already sent by (output started at C:\VertrigoServ\www\cake\app\controllers\posts_controller.php:38) in [C:\VertrigoServ\www\cake\cake\libs\controller\controller.php, line 691]
2011-03-10 23:53:33 Warning: Warning (2): Cannot modify header information - headers already sent by (output started at C:\VertrigoServ\www\cake\app\controllers\posts_controller.php:38) in [C:\VertrigoServ\www\cake\cake\libs\controller\controller.php, line 691]
2011-03-10 23:56:23 Warning: Warning (2): Cannot modify header information - headers already sent by (output started at C:\VertrigoServ\www\cake\app\controllers\posts_controller.php:38) in [C:\VertrigoServ\www\cake\cake\libs\controller\controller.php, line 691]
2011-03-11 00:02:20 Warning: Warning (2): Cannot modify header information - headers already sent by (output started at C:\VertrigoServ\www\cake\app\controllers\posts_controller.php:38) in [C:\VertrigoServ\www\cake\cake\libs\controller\controller.php, line 691]
2011-03-11 00:03:21 Warning: Warning (2): Cannot modify header information - headers already sent by (output started at C:\VertrigoServ\www\cake\app\controllers\posts_controller.php:37) in [C:\VertrigoServ\www\cake\cake\libs\controller\controller.php, line 691]
2011-03-11 00:46:39 Warning: Warning (2): Invalid argument supplied for foreach() in [C:\VertrigoServ\www\cake\app\views\posts\index.ctp, line 24]
2011-03-12 21:33:43 Warning: Warning (2): Cannot modify header information - headers already sent by (output started at C:\VertrigoServ\www\cake\app\controllers\posts_controller.php:39) in [C:\VertrigoServ\www\cake\cake\libs\controller\controller.php, line 691]
