2011-03-04 23:58:21 Debug: Notice (8): Undefined index:  context in [C:\VertrigoServ\www\cake\app\views\posts\index.ctp, line 14]
2011-03-06 21:59:40 Debug: Notice (8): Undefined variable: list in [C:\VertrigoServ\www\cake\app\views\posts\index.ctp, line 18]
2011-03-06 22:00:06 Debug: Notice (8): Undefined variable: list in [C:\VertrigoServ\www\cake\app\views\posts\index.ctp, line 18]
2011-03-06 22:00:11 Debug: Notice (8): Undefined variable: list in [C:\VertrigoServ\www\cake\app\views\posts\index.ctp, line 18]
2011-03-06 22:00:14 Debug: Notice (8): Undefined variable: list in [C:\VertrigoServ\www\cake\app\views\posts\index.ctp, line 18]
2011-03-06 22:02:16 Debug: Notice (8): Undefined variable: list in [C:\VertrigoServ\www\cake\app\views\posts\index.ctp, line 18]
2011-03-06 22:04:40 Debug: Notice (8): Undefined variable: list in [C:\VertrigoServ\www\cake\app\views\posts\index.ctp, line 18]
2011-03-06 22:04:42 Debug: Notice (8): Undefined variable: list in [C:\VertrigoServ\www\cake\app\views\posts\index.ctp, line 18]
2011-03-06 22:09:56 Debug: Notice (8): Undefined variable: list in [C:\VertrigoServ\www\cake\app\views\posts\index.ctp, line 18]
2011-03-06 22:09:58 Debug: Notice (8): Undefined variable: list in [C:\VertrigoServ\www\cake\app\views\posts\index.ctp, line 18]
2011-03-06 22:27:47 Debug: Notice (8): Undefined variable: list in [C:\VertrigoServ\www\cake\app\views\posts\index.ctp, line 18]
2011-03-06 22:35:30 Debug: Notice (8): Undefined variable: list in [C:\VertrigoServ\www\cake\app\views\posts\index.ctp, line 18]
2011-03-06 22:35:32 Debug: Notice (8): Undefined variable: list in [C:\VertrigoServ\www\cake\app\views\posts\index.ctp, line 18]
2011-03-06 22:36:36 Debug: Notice (8): Undefined variable: list in [C:\VertrigoServ\www\cake\app\views\posts\index.ctp, line 18]
2011-03-07 23:19:24 Debug: Notice (8): Undefined index:  post in [C:\VertrigoServ\www\cake\app\views\posts\rss\index.ctp, line 7]
2011-03-07 23:19:24 Debug: Notice (8): Undefined variable: channelData in [C:\VertrigoServ\www\cake\app\views\layouts\rss\default.ctp, line 3]
2011-03-07 23:23:23 Debug: Notice (8): Undefined index:  post in [C:\VertrigoServ\www\cake\app\views\posts\rss\index.ctp, line 7]
2011-03-07 23:23:23 Debug: Notice (8): Undefined variable: channelData in [C:\VertrigoServ\www\cake\app\views\layouts\rss\default.ctp, line 3]
2011-03-07 23:24:53 Debug: Notice (8): Undefined index:  post in [C:\VertrigoServ\www\cake\app\views\posts\rss\index.ctp, line 7]
2011-03-07 23:24:53 Debug: Notice (8): Undefined index:  post in [C:\VertrigoServ\www\cake\app\views\posts\rss\index.ctp, line 7]
2011-03-07 23:26:10 Debug: Notice (8): Undefined index:  post in [C:\VertrigoServ\www\cake\app\views\posts\rss\index.ctp, line 7]
2011-03-07 23:26:11 Debug: Notice (8): Undefined index:  post in [C:\VertrigoServ\www\cake\app\views\posts\rss\index.ctp, line 7]
2011-03-07 23:26:21 Debug: Notice (8): Undefined index:  post in [C:\VertrigoServ\www\cake\app\views\posts\rss\index.ctp, line 7]
2011-03-07 23:42:28 Debug: Notice (8): Undefined index:  post in [C:\VertrigoServ\www\cake\app\views\posts\rss\index.ctp, line 7]
2011-03-07 23:42:28 Debug: Notice (8): Undefined variable: channelData in [C:\VertrigoServ\www\cake\app\views\layouts\rss\default.ctp, line 3]
2011-03-07 23:45:09 Debug: Notice (8): Undefined index:  post in [C:\VertrigoServ\www\cake\app\views\posts\rss\index.ctp, line 7]
2011-03-07 23:45:09 Debug: Notice (8): Undefined index:  post in [C:\VertrigoServ\www\cake\app\views\posts\rss\index.ctp, line 7]
2011-03-07 23:51:40 Debug: Notice (8): Undefined index:  post in [C:\VertrigoServ\www\cake\app\views\posts\rss\index.ctp, line 7]
2011-03-07 23:51:40 Debug: Notice (8): Undefined index:  post in [C:\VertrigoServ\www\cake\app\views\posts\rss\index.ctp, line 7]
2011-03-07 23:51:55 Debug: Notice (8): Undefined index:  post in [C:\VertrigoServ\www\cake\app\views\posts\rss\index.ctp, line 7]
2011-03-07 23:51:55 Debug: Notice (8): Undefined index:  post in [C:\VertrigoServ\www\cake\app\views\posts\rss\index.ctp, line 7]
2011-03-07 23:52:12 Debug: Notice (8): Undefined index:  post in [C:\VertrigoServ\www\cake\app\views\posts\rss\index.ctp, line 7]
2011-03-07 23:52:12 Debug: Notice (8): Undefined index:  post in [C:\VertrigoServ\www\cake\app\views\posts\rss\index.ctp, line 7]
2011-03-07 23:53:36 Debug: Notice (8): Undefined index:  post in [C:\VertrigoServ\www\cake\app\views\posts\rss\index.ctp, line 7]
2011-03-07 23:53:36 Debug: Notice (8): Undefined index:  post in [C:\VertrigoServ\www\cake\app\views\posts\rss\index.ctp, line 7]
2011-03-07 23:54:26 Debug: Notice (8): Undefined index:  post in [C:\VertrigoServ\www\cake\app\views\posts\rss\index.ctp, line 7]
2011-03-07 23:54:26 Debug: Notice (8): Undefined index:  post in [C:\VertrigoServ\www\cake\app\views\posts\rss\index.ctp, line 7]
2011-03-07 23:55:55 Debug: Notice (8): Undefined index:  post in [C:\VertrigoServ\www\cake\app\views\posts\rss\index.ctp, line 7]
2011-03-07 23:55:55 Debug: Notice (8): Undefined index:  post in [C:\VertrigoServ\www\cake\app\views\posts\rss\index.ctp, line 7]
2011-03-08 00:37:01 Debug: Notice (8): Undefined variable: channelData in [C:\VertrigoServ\www\cake\app\views\layouts\rss\default.ctp, line 3]
2011-03-08 00:37:01 Debug: Notice (8): Undefined variable: items in [C:\VertrigoServ\www\cake\app\views\layouts\rss\default.ctp, line 3]
2011-03-08 20:34:57 Debug: Notice (8): Undefined variable: items in [C:\VertrigoServ\www\cake\app\views\layouts\rss\default.ctp, line 3]
2011-03-08 20:38:57 Debug: Notice (8): Undefined variable: items in [C:\VertrigoServ\www\cake\app\views\layouts\rss\default.ctp, line 3]
2011-03-08 20:38:57 Debug: Notice (8): Undefined variable: items in [C:\VertrigoServ\www\cake\app\views\layouts\rss\default.ctp, line 3]
2011-03-08 20:39:49 Debug: Notice (8): Undefined variable: items in [C:\VertrigoServ\www\cake\app\views\layouts\rss\default.ctp, line 3]
2011-03-08 20:39:49 Debug: Notice (8): Undefined variable: items in [C:\VertrigoServ\www\cake\app\views\layouts\rss\default.ctp, line 3]
2011-03-08 20:40:13 Debug: Notice (8): Undefined variable: items in [C:\VertrigoServ\www\cake\app\views\layouts\rss\default.ctp, line 3]
2011-03-08 20:40:13 Debug: Notice (8): Undefined variable: items in [C:\VertrigoServ\www\cake\app\views\layouts\rss\default.ctp, line 3]
2011-03-08 21:29:15 Debug: Notice (8): Undefined variable: items in [C:\VertrigoServ\www\cake\app\views\layouts\rss\default.ctp, line 3]
2011-03-08 21:33:19 Debug: Notice (8): Undefined variable: items in [C:\VertrigoServ\www\cake\app\views\layouts\rss\default.ctp, line 3]
2011-03-09 00:55:02 Debug: Notice (8): Undefined property: Post::$Comment in [C:\VertrigoServ\www\cake\app\controllers\posts_controller.php, line 14]
2011-03-09 00:55:31 Debug: Notice (8): Undefined variable: list in [C:\VertrigoServ\www\cake\app\views\posts\index.ctp, line 24]
2011-03-09 00:55:52 Debug: Notice (8): Undefined variable: list in [C:\VertrigoServ\www\cake\app\views\posts\index.ctp, line 24]
2011-03-09 00:55:57 Debug: Notice (8): Undefined variable: list in [C:\VertrigoServ\www\cake\app\views\posts\index.ctp, line 24]
2011-03-09 00:55:58 Debug: Notice (8): Undefined variable: list in [C:\VertrigoServ\www\cake\app\views\posts\index.ctp, line 24]
2011-03-09 00:55:59 Debug: Notice (8): Undefined variable: list in [C:\VertrigoServ\www\cake\app\views\posts\index.ctp, line 24]
2011-03-09 01:03:24 Debug: Notice (8): Undefined variable: items in [C:\VertrigoServ\www\cake\app\views\layouts\rss\default.ctp, line 4]
2011-03-09 10:53:28 Debug: Notice (8): Undefined variable: items in [C:\VertrigoServ\www\cake\app\views\layouts\rss\default.ctp, line 3]
2011-03-09 10:53:40 Debug: Notice (8): Undefined variable: items in [C:\VertrigoServ\www\cake\app\views\layouts\rss\default.ctp, line 3]
2011-03-09 10:57:05 Debug: Notice (8): Undefined property: RssHelper::$items in [C:\VertrigoServ\www\cake\app\views\posts\rss\index.ctp, line 25]
2011-03-09 10:57:05 Debug: Notice (8): Undefined property: RssHelper::$items in [C:\VertrigoServ\www\cake\app\views\posts\rss\index.ctp, line 25]
2011-03-09 11:00:29 Debug: Notice (8): Undefined variable: list in [C:\VertrigoServ\www\cake\app\views\posts\index.ctp, line 24]
2011-03-09 11:01:02 Debug: Notice (8): Undefined variable: list in [C:\VertrigoServ\www\cake\app\views\posts\index.ctp, line 24]
2011-03-10 21:19:02 Debug: Notice (8): Undefined variable: list in [C:\VertrigoServ\www\cake\app\views\posts\index.ctp, line 24]
2011-03-10 21:26:29 Debug: Notice (8): Undefined variable: list in [C:\VertrigoServ\www\cake\app\views\posts\index.ctp, line 24]
2011-03-10 21:26:38 Debug: Notice (8): Undefined variable: list in [C:\VertrigoServ\www\cake\app\views\posts\rss\index.ctp, line 11]
2011-03-10 21:26:38 Debug: Notice (8): Undefined property: RssHelper::$items in [C:\VertrigoServ\www\cake\app\views\posts\rss\index.ctp, line 25]
2011-03-10 21:26:45 Debug: Notice (8): Undefined variable: list in [C:\VertrigoServ\www\cake\app\views\posts\rss\index.ctp, line 11]
2011-03-10 21:26:45 Debug: Notice (8): Undefined property: RssHelper::$items in [C:\VertrigoServ\www\cake\app\views\posts\rss\index.ctp, line 25]
2011-03-10 21:41:07 Debug: Notice (8): Undefined variable: list in [C:\VertrigoServ\www\cake\app\views\posts\rss\index.ctp, line 11]
2011-03-10 21:41:07 Debug: Notice (8): Undefined property: RssHelper::$items in [C:\VertrigoServ\www\cake\app\views\posts\rss\index.ctp, line 25]
2011-03-10 21:41:24 Debug: Notice (8): Undefined variable: list in [C:\VertrigoServ\www\cake\app\views\posts\rss\index.ctp, line 11]
2011-03-10 21:41:24 Debug: Notice (8): Undefined property: RssHelper::$items in [C:\VertrigoServ\www\cake\app\views\posts\rss\index.ctp, line 25]
2011-03-10 21:42:36 Debug: Notice (8): Undefined variable: list in [C:\VertrigoServ\www\cake\app\views\posts\rss\index.ctp, line 11]
2011-03-10 21:42:36 Debug: Notice (8): Undefined property: RssHelper::$items in [C:\VertrigoServ\www\cake\app\views\posts\rss\index.ctp, line 25]
2011-03-10 21:42:36 Debug: Notice (8): Undefined variable: list in [C:\VertrigoServ\www\cake\app\views\posts\rss\index.ctp, line 11]
2011-03-10 21:42:36 Debug: Notice (8): Undefined property: RssHelper::$items in [C:\VertrigoServ\www\cake\app\views\posts\rss\index.ctp, line 25]
2011-03-10 21:44:20 Debug: Notice (8): Undefined variable: list in [C:\VertrigoServ\www\cake\app\views\posts\rss\index.ctp, line 11]
2011-03-10 21:44:20 Debug: Notice (8): Undefined property: RssHelper::$items in [C:\VertrigoServ\www\cake\app\views\posts\rss\index.ctp, line 25]
2011-03-10 21:44:20 Debug: Notice (8): Undefined variable: list in [C:\VertrigoServ\www\cake\app\views\posts\rss\index.ctp, line 11]
2011-03-10 21:44:20 Debug: Notice (8): Undefined property: RssHelper::$items in [C:\VertrigoServ\www\cake\app\views\posts\rss\index.ctp, line 25]
2011-03-10 21:44:26 Debug: Notice (8): Undefined variable: posts in [C:\VertrigoServ\www\cake\app\views\posts\index.ctp, line 24]
2011-03-10 21:47:33 Debug: Notice (8): Undefined variable: posts in [C:\VertrigoServ\www\cake\app\views\posts\index.ctp, line 24]
2011-03-10 21:58:45 Debug: Notice (8): Undefined variable: posts in [C:\VertrigoServ\www\cake\app\views\posts\index.ctp, line 24]
2011-03-10 21:59:52 Debug: Notice (8): Undefined variable: posts in [C:\VertrigoServ\www\cake\app\views\posts\index.ctp, line 24]
2011-03-10 21:59:54 Debug: Notice (8): Undefined variable: posts in [C:\VertrigoServ\www\cake\app\views\posts\index.ctp, line 24]
2011-03-10 22:00:26 Debug: Notice (8): Undefined variable: list in [C:\VertrigoServ\www\cake\app\views\posts\rss\index.ctp, line 11]
2011-03-10 22:00:26 Debug: Notice (8): Undefined property: RssHelper::$items in [C:\VertrigoServ\www\cake\app\views\posts\rss\index.ctp, line 25]
2011-03-10 22:00:26 Debug: Notice (8): Undefined variable: list in [C:\VertrigoServ\www\cake\app\views\posts\rss\index.ctp, line 11]
2011-03-10 22:00:26 Debug: Notice (8): Undefined property: RssHelper::$items in [C:\VertrigoServ\www\cake\app\views\posts\rss\index.ctp, line 25]
2011-03-10 22:02:12 Debug: Notice (8): Undefined property: RssHelper::$items in [C:\VertrigoServ\www\cake\app\views\posts\rss\index.ctp, line 25]
2011-03-10 22:02:12 Debug: Notice (8): Undefined property: RssHelper::$items in [C:\VertrigoServ\www\cake\app\views\posts\rss\index.ctp, line 25]
2011-03-10 22:15:47 Debug: Notice (8): Undefined variable: posts in [C:\VertrigoServ\www\cake\app\views\posts\rss\index.ctp, line 16]
2011-03-10 22:15:47 Debug: Notice (8): Undefined variable: posts in [C:\VertrigoServ\www\cake\app\views\posts\rss\index.ctp, line 16]
2011-03-10 22:15:55 Debug: Notice (8): Undefined variable: posts in [C:\VertrigoServ\www\cake\app\views\posts\rss\index.ctp, line 16]
2011-03-10 22:15:55 Debug: Notice (8): Undefined variable: posts in [C:\VertrigoServ\www\cake\app\views\posts\rss\index.ctp, line 16]
2011-03-10 22:19:07 Debug: Notice (8): Undefined variable: posts in [C:\VertrigoServ\www\cake\app\views\posts\rss\index.ctp, line 16]
2011-03-10 22:19:07 Debug: Notice (8): Undefined variable: posts in [C:\VertrigoServ\www\cake\app\views\posts\rss\index.ctp, line 16]
2011-03-10 22:19:08 Debug: Notice (8): Undefined variable: posts in [C:\VertrigoServ\www\cake\app\views\posts\rss\index.ctp, line 16]
2011-03-10 22:19:08 Debug: Notice (8): Undefined variable: posts in [C:\VertrigoServ\www\cake\app\views\posts\rss\index.ctp, line 16]
2011-03-10 22:19:09 Debug: Notice (8): Undefined variable: posts in [C:\VertrigoServ\www\cake\app\views\posts\rss\index.ctp, line 16]
2011-03-10 22:19:09 Debug: Notice (8): Undefined variable: posts in [C:\VertrigoServ\www\cake\app\views\posts\rss\index.ctp, line 16]
2011-03-10 22:19:10 Debug: Notice (8): Undefined variable: posts in [C:\VertrigoServ\www\cake\app\views\posts\rss\index.ctp, line 16]
2011-03-10 22:19:10 Debug: Notice (8): Undefined variable: posts in [C:\VertrigoServ\www\cake\app\views\posts\rss\index.ctp, line 16]
2011-03-10 22:19:11 Debug: Notice (8): Undefined variable: posts in [C:\VertrigoServ\www\cake\app\views\posts\rss\index.ctp, line 16]
2011-03-10 22:19:11 Debug: Notice (8): Undefined variable: posts in [C:\VertrigoServ\www\cake\app\views\posts\rss\index.ctp, line 16]
2011-03-10 22:19:12 Debug: Notice (8): Undefined variable: posts in [C:\VertrigoServ\www\cake\app\views\posts\rss\index.ctp, line 16]
2011-03-10 22:19:13 Debug: Notice (8): Undefined variable: posts in [C:\VertrigoServ\www\cake\app\views\posts\rss\index.ctp, line 16]
2011-03-10 22:19:13 Debug: Notice (8): Undefined variable: posts in [C:\VertrigoServ\www\cake\app\views\posts\rss\index.ctp, line 16]
2011-03-10 22:19:14 Debug: Notice (8): Undefined variable: posts in [C:\VertrigoServ\www\cake\app\views\posts\rss\index.ctp, line 16]
2011-03-10 22:19:14 Debug: Notice (8): Undefined variable: posts in [C:\VertrigoServ\www\cake\app\views\posts\rss\index.ctp, line 16]
2011-03-10 22:19:14 Debug: Notice (8): Undefined variable: posts in [C:\VertrigoServ\www\cake\app\views\posts\rss\index.ctp, line 16]
2011-03-10 22:19:15 Debug: Notice (8): Undefined variable: posts in [C:\VertrigoServ\www\cake\app\views\posts\rss\index.ctp, line 16]
2011-03-10 22:19:15 Debug: Notice (8): Undefined variable: posts in [C:\VertrigoServ\www\cake\app\views\posts\rss\index.ctp, line 16]
2011-03-10 22:20:05 Debug: Notice (8): Undefined variable: posts in [C:\VertrigoServ\www\cake\app\views\posts\rss\index.ctp, line 15]
2011-03-10 22:20:05 Debug: Notice (8): Undefined variable: posts in [C:\VertrigoServ\www\cake\app\views\posts\rss\index.ctp, line 15]
2011-03-10 22:20:06 Debug: Notice (8): Undefined variable: posts in [C:\VertrigoServ\www\cake\app\views\posts\rss\index.ctp, line 15]
2011-03-10 22:20:07 Debug: Notice (8): Undefined variable: posts in [C:\VertrigoServ\www\cake\app\views\posts\rss\index.ctp, line 15]
2011-03-10 22:20:08 Debug: Notice (8): Undefined variable: posts in [C:\VertrigoServ\www\cake\app\views\posts\rss\index.ctp, line 15]
2011-03-10 22:20:08 Debug: Notice (8): Undefined variable: posts in [C:\VertrigoServ\www\cake\app\views\posts\rss\index.ctp, line 15]
2011-03-10 22:26:52 Debug: Notice (8): Undefined variable: posts in [C:\VertrigoServ\www\cake\app\views\posts\rss\index.ctp, line 12]
2011-03-10 22:26:52 Debug: Notice (8): Undefined variable: posts in [C:\VertrigoServ\www\cake\app\views\posts\rss\index.ctp, line 12]
2011-03-10 23:31:48 Debug: Notice (8): Undefined index:  image in [C:\VertrigoServ\www\cake\app\views\posts\index.ctp, line 33]
2011-03-10 23:32:31 Debug: Notice (8): Undefined index:  image in [C:\VertrigoServ\www\cake\app\views\posts\index.ctp, line 33]
2011-03-11 00:46:39 Debug: Notice (8): Undefined variable: list in [C:\VertrigoServ\www\cake\app\views\posts\index.ctp, line 24]
2011-03-12 18:48:19 Debug: Notice (8): Undefined variable: items in [L:\osprojects\khacn\app\views\layouts\rss\default.ctp, line 4]
2011-03-12 18:57:31 Debug: Notice (8): Use of undefined constant VALID_NOT_EMPTY - assumed 'VALID_NOT_EMPTY' in [L:\osprojects\khacn\cake\libs\class_registry.php, line 141]
2011-03-12 18:57:32 Debug: Notice (8): Undefined variable: session in [L:\osprojects\khacn\app\views\layouts\default.ctp, line 49]
2011-03-12 18:57:32 Debug: Notice (8): Undefined variable: session in [L:\osprojects\khacn\app\views\layouts\default.ctp, line 49]
2011-03-12 18:57:35 Debug: Notice (1024): Please change the value of 'Security.salt' in app/config/core.php to a salt value specific to your application in [L:\osprojects\khacn\cake\libs\debugger.php, line 684]
2011-03-12 18:57:35 Debug: Notice (1024): Please change the value of 'Security.cipherSeed' in app/config/core.php to a numeric (digits only) seed value specific to your application in [L:\osprojects\khacn\cake\libs\debugger.php, line 688]
2011-03-12 18:57:35 Debug: Notice (8): Undefined variable: cakeDebug in [L:\osprojects\khacn\app\views\layouts\default.ctp, line 63]
2011-03-12 18:58:32 Debug: Notice (8): Undefined variable: cakeDebug in [L:\osprojects\khacn\app\views\layouts\default.ctp, line 63]
2011-03-12 18:59:05 Debug: Notice (8): Use of undefined constant VALID_NOT_EMPTY - assumed 'VALID_NOT_EMPTY' in [L:\osprojects\khacn\cake\libs\class_registry.php, line 141]
2011-03-12 18:59:05 Debug: Notice (8): Undefined variable: session in [L:\osprojects\khacn\app\views\layouts\default.ctp, line 49]
2011-03-12 18:59:05 Debug: Notice (8): Undefined variable: session in [L:\osprojects\khacn\app\views\layouts\default.ctp, line 49]
2011-03-12 19:00:22 Debug: Notice (8): Undefined variable: session in [L:\osprojects\khacn\app\views\layouts\default.ctp, line 49]
2011-03-12 19:00:23 Debug: Notice (8): Undefined variable: session in [L:\osprojects\khacn\app\views\layouts\default.ctp, line 49]
2011-03-12 19:00:28 Debug: Notice (8): Undefined variable: session in [L:\osprojects\khacn\app\views\layouts\default.ctp, line 49]
2011-03-12 19:00:28 Debug: Notice (8): Undefined variable: session in [L:\osprojects\khacn\app\views\layouts\default.ctp, line 49]
2011-03-12 19:01:00 Debug: Notice (8): Undefined property: DebugView::$Session in [L:\osprojects\khacn\app\views\layouts\default.ctp, line 43]
2011-03-12 19:01:00 Debug: Notice (8): Undefined property: View::$Session in [L:\osprojects\khacn\app\views\layouts\default.ctp, line 43]
2011-03-12 19:01:11 Debug: Notice (8): Undefined property: DebugView::$Session in [L:\osprojects\khacn\app\views\layouts\default.ctp, line 43]
2011-03-12 19:01:11 Debug: Notice (8): Undefined property: DebugView::$Session in [L:\osprojects\khacn\app\views\layouts\default.ctp, line 43]
2011-03-12 19:01:12 Debug: Notice (8): Undefined property: View::$Session in [L:\osprojects\khacn\app\views\layouts\default.ctp, line 43]
2011-03-12 19:01:41 Debug: Notice (8): Undefined property: DebugView::$Session in [L:\osprojects\khacn\app\views\layouts\default.ctp, line 43]
2011-03-12 19:01:42 Debug: Notice (8): Undefined property: View::$Session in [L:\osprojects\khacn\app\views\layouts\default.ctp, line 43]
2011-03-12 19:02:24 Debug: Notice (8): Undefined property: View::$Session in [L:\osprojects\khacn\app\views\layouts\default.ctp, line 43]
2011-03-12 19:02:25 Debug: Notice (8): Undefined property: View::$Session in [L:\osprojects\khacn\app\views\layouts\default.ctp, line 43]
2011-03-12 19:04:27 Debug: Notice (8): Undefined variable: items in [L:\osprojects\khacn\app\views\layouts\rss\default.ctp, line 4]
2011-03-12 19:05:57 Debug: Notice (8): Undefined variable: items in [L:\osprojects\khacn\app\views\layouts\rss\default.ctp, line 4]
2011-03-12 19:07:21 Debug: Notice (8): Undefined variable: items in [L:\osprojects\khacn\app\views\layouts\rss\default.ctp, line 4]
2011-03-12 19:07:24 Debug: Notice (8): Undefined variable: items in [L:\osprojects\khacn\app\views\layouts\rss\default.ctp, line 4]
2011-03-12 19:32:55 Debug: Notice (8): Undefined index: slug in [L:\osprojects\khacn\app\views\posts\rss\index.ctp, line 11]
2011-03-12 19:32:55 Debug: Notice (8): Undefined index: body in [L:\osprojects\khacn\app\views\posts\rss\index.ctp, line 16]
2011-03-12 19:32:55 Debug: Notice (8): Undefined index: author in [L:\osprojects\khacn\app\views\posts\rss\index.ctp, line 29]
2011-03-12 19:32:55 Debug: Notice (8): Undefined variable: items in [L:\osprojects\khacn\app\views\layouts\rss\default.ctp, line 3]
2011-03-12 19:33:44 Debug: Notice (8): Undefined index: slug in [L:\osprojects\khacn\app\views\posts\rss\index.ctp, line 11]
2011-03-12 19:33:44 Debug: Notice (8): Undefined index: body in [L:\osprojects\khacn\app\views\posts\rss\index.ctp, line 16]
2011-03-12 19:33:45 Debug: Notice (8): Undefined index: author in [L:\osprojects\khacn\app\views\posts\rss\index.ctp, line 29]
2011-03-17 00:06:42 Debug: Notice (8): Undefined property: PostsController::$Session in [C:\VertrigoServ\www\cake\app\controllers\posts_controller.php, line 28]
2011-03-17 00:07:33 Debug: Notice (8): Undefined property: PostsController::$Session in [C:\VertrigoServ\www\cake\app\controllers\posts_controller.php, line 28]
2011-03-22 00:24:18 Debug: Notice (8): Undefined variable: url in [C:\VertrigoServ\www\cake\app\controllers\posts_controller.php, line 6]
2011-03-22 00:24:18 Debug: Notice (8): Trying to get property of non-object in [C:\VertrigoServ\www\cake\app\controllers\posts_controller.php, line 8]
2011-03-22 00:24:50 Debug: Notice (8): Trying to get property of non-object in [C:\VertrigoServ\www\cake\app\controllers\posts_controller.php, line 8]
2011-03-22 10:51:57 Debug: Notice (8): Trying to get property of non-object in [C:\VertrigoServ\www\cake\app\controllers\posts_controller.php, line 9]
2011-03-22 10:52:21 Debug: Notice (8): Use of undefined constant href - assumed 'href' in [C:\VertrigoServ\www\cake\app\controllers\posts_controller.php, line 9]
2011-03-22 10:52:31 Debug: Notice (8): Use of undefined constant href - assumed 'href' in [C:\VertrigoServ\www\cake\app\controllers\posts_controller.php, line 9]
2011-03-22 10:52:34 Debug: Notice (8): Use of undefined constant href - assumed 'href' in [C:\VertrigoServ\www\cake\app\controllers\posts_controller.php, line 9]
2011-03-22 10:56:32 Debug: Notice (8): Use of undefined constant href - assumed 'href' in [C:\VertrigoServ\www\cake\app\controllers\posts_controller.php, line 9]
2011-03-22 10:56:36 Debug: Notice (8): Use of undefined constant href - assumed 'href' in [C:\VertrigoServ\www\cake\app\controllers\posts_controller.php, line 9]
2011-03-22 10:56:38 Debug: Notice (8): Use of undefined constant href - assumed 'href' in [C:\VertrigoServ\www\cake\app\controllers\posts_controller.php, line 9]
2011-03-22 11:39:48 Debug: Notice (8): Use of undefined constant i - assumed 'i' in [C:\VertrigoServ\www\cake\app\controllers\posts_controller.php, line 15]
2011-03-22 11:39:49 Debug: Notice (8): Undefined variable: mang in [C:\VertrigoServ\www\cake\app\views\posts\index.ctp, line 37]
2011-03-22 11:40:54 Debug: Notice (8): Use of undefined constant i - assumed 'i' in [C:\VertrigoServ\www\cake\app\controllers\posts_controller.php, line 15]
2011-03-22 11:41:14 Debug: Notice (8): Use of undefined constant i - assumed 'i' in [C:\VertrigoServ\www\cake\app\controllers\posts_controller.php, line 15]
2011-03-22 11:45:19 Debug: Notice (8): Use of undefined constant i - assumed 'i' in [C:\VertrigoServ\www\cake\app\controllers\posts_controller.php, line 15]
2011-03-22 12:23:39 Debug: Notice (8): Undefined variable: xuli in [C:\VertrigoServ\www\cake\app\views\posts\xuli.ctp, line 1]
2011-03-22 12:24:24 Debug: Notice (8): Undefined variable: xuli in [C:\VertrigoServ\www\cake\app\views\posts\xuli.ctp, line 1]
2011-03-22 12:24:34 Debug: Notice (8): Undefined variable: xuli in [C:\VertrigoServ\www\cake\app\views\posts\xuli.ctp, line 1]
2011-03-22 12:24:51 Debug: Notice (8): Undefined variable: xuli in [C:\VertrigoServ\www\cake\app\views\posts\xuli.ctp, line 1]
2011-03-22 17:11:36 Debug: Notice (8): Undefined index:  title in [C:\VertrigoServ\www\cake\app\views\posts\index.ctp, line 28]
2011-03-22 17:11:36 Debug: Notice (8): Undefined index:  modified in [C:\VertrigoServ\www\cake\app\views\posts\index.ctp, line 32]
2011-03-22 17:13:33 Debug: Notice (8): Undefined index:  img in [C:\VertrigoServ\www\cake\app\views\posts\index.ctp, line 30]
2011-03-22 18:45:58 Debug: Notice (8): Undefined variable: content in [C:\VertrigoServ\www\cake\app\controllers\posts_controller.php, line 42]
2011-03-22 18:58:46 Debug: Notice (8): Undefined index:  title in [C:\VertrigoServ\www\cake\app\views\posts\view.ctp, line 1]
2011-03-22 18:59:23 Debug: Notice (8): Undefined index:  title in [C:\VertrigoServ\www\cake\app\views\posts\rss\index.ctp, line 36]
2011-03-22 18:59:23 Debug: Notice (8): Undefined index:  title in [C:\VertrigoServ\www\cake\app\views\posts\rss\index.ctp, line 40]
2011-03-22 18:59:23 Debug: Notice (8): Undefined index:  title in [C:\VertrigoServ\www\cake\app\views\posts\rss\index.ctp, line 36]
2011-03-22 18:59:23 Debug: Notice (8): Undefined index:  title in [C:\VertrigoServ\www\cake\app\views\posts\rss\index.ctp, line 40]
2011-03-22 18:59:23 Debug: Notice (8): Undefined index:  title in [C:\VertrigoServ\www\cake\app\views\posts\rss\index.ctp, line 36]
2011-03-22 18:59:23 Debug: Notice (8): Undefined index:  title in [C:\VertrigoServ\www\cake\app\views\posts\rss\index.ctp, line 40]
2011-03-22 18:59:24 Debug: Notice (8): Undefined index:  title in [C:\VertrigoServ\www\cake\app\views\posts\rss\index.ctp, line 36]
2011-03-22 18:59:24 Debug: Notice (8): Undefined index:  title in [C:\VertrigoServ\www\cake\app\views\posts\rss\index.ctp, line 40]
2011-03-22 21:28:43 Debug: Notice (8): Undefined index:  title in [C:\VertrigoServ\www\cake\app\views\posts\view.ctp, line 1]
2011-03-22 21:28:58 Debug: Notice (8): Undefined index:  title in [C:\VertrigoServ\www\cake\app\views\posts\rss\index.ctp, line 36]
2011-03-22 21:28:58 Debug: Notice (8): Undefined index:  title in [C:\VertrigoServ\www\cake\app\views\posts\rss\index.ctp, line 40]
2011-03-22 21:28:58 Debug: Notice (8): Undefined index:  title in [C:\VertrigoServ\www\cake\app\views\posts\rss\index.ctp, line 36]
2011-03-22 21:28:58 Debug: Notice (8): Undefined index:  title in [C:\VertrigoServ\www\cake\app\views\posts\rss\index.ctp, line 40]
2011-03-22 21:28:59 Debug: Notice (8): Undefined index:  title in [C:\VertrigoServ\www\cake\app\views\posts\rss\index.ctp, line 36]
2011-03-22 21:28:59 Debug: Notice (8): Undefined index:  title in [C:\VertrigoServ\www\cake\app\views\posts\rss\index.ctp, line 40]
2011-03-22 21:28:59 Debug: Notice (8): Undefined index:  title in [C:\VertrigoServ\www\cake\app\views\posts\rss\index.ctp, line 36]
2011-03-22 21:28:59 Debug: Notice (8): Undefined index:  title in [C:\VertrigoServ\www\cake\app\views\posts\rss\index.ctp, line 40]
2011-03-22 21:42:02 Debug: Notice (8): Undefined offset:  0 in [C:\VertrigoServ\www\cake\app\controllers\posts_controller.php, line 46]
2011-03-22 21:43:54 Debug: Notice (8): Undefined index:  diachi in [C:\VertrigoServ\www\cake\app\controllers\posts_controller.php, line 29]
2011-03-22 21:44:17 Debug: Notice (8): Undefined offset:  0 in [C:\VertrigoServ\www\cake\app\controllers\posts_controller.php, line 46]
2011-03-22 22:01:18 Debug: Notice (8): Undefined offset:  0 in [C:\VertrigoServ\www\cake\app\controllers\posts_controller.php, line 46]
2011-03-22 22:01:45 Debug: Notice (8): Undefined offset:  0 in [C:\VertrigoServ\www\cake\app\controllers\posts_controller.php, line 46]
2011-03-22 22:02:10 Debug: Notice (8): Undefined offset:  0 in [C:\VertrigoServ\www\cake\app\controllers\posts_controller.php, line 46]
2011-03-22 22:03:52 Debug: Notice (8): Undefined offset:  0 in [C:\VertrigoServ\www\cake\app\controllers\posts_controller.php, line 46]
2011-03-22 22:38:00 Debug: Notice (8): Undefined variable: tm in [C:\VertrigoServ\www\cake\app\views\posts\add.ctp, line 9]
2011-03-22 23:49:34 Debug: Notice (8): Undefined index:  title in [C:\VertrigoServ\www\cake\app\views\posts\view.ctp, line 1]
2011-03-22 23:49:44 Debug: Notice (8): Undefined index:  title in [C:\VertrigoServ\www\cake\app\views\posts\view.ctp, line 1]
2011-03-22 23:50:52 Debug: Notice (8): Undefined index:  title in [C:\VertrigoServ\www\cake\app\views\posts\rss\index.ctp, line 36]
2011-03-22 23:50:52 Debug: Notice (8): Undefined index:  title in [C:\VertrigoServ\www\cake\app\views\posts\rss\index.ctp, line 40]
2011-03-22 23:50:52 Debug: Notice (8): Undefined index:  title in [C:\VertrigoServ\www\cake\app\views\posts\rss\index.ctp, line 36]
2011-03-22 23:50:52 Debug: Notice (8): Undefined index:  title in [C:\VertrigoServ\www\cake\app\views\posts\rss\index.ctp, line 40]
2011-03-22 23:50:52 Debug: Notice (8): Undefined index:  title in [C:\VertrigoServ\www\cake\app\views\posts\rss\index.ctp, line 36]
2011-03-22 23:50:53 Debug: Notice (8): Undefined index:  title in [C:\VertrigoServ\www\cake\app\views\posts\rss\index.ctp, line 40]
2011-03-22 23:50:53 Debug: Notice (8): Undefined index:  title in [C:\VertrigoServ\www\cake\app\views\posts\rss\index.ctp, line 36]
2011-03-22 23:50:53 Debug: Notice (8): Undefined index:  title in [C:\VertrigoServ\www\cake\app\views\posts\rss\index.ctp, line 40]
2011-03-26 00:39:18 Debug: Notice (8): Undefined variable: iamge in [C:\VertrigoServ\www\cake\app\controllers\posts_controller.php, line 47]
